[0.015s] Invoking command in '/home/kmj/Desktop/hw2/build/my_first_ros_rclcpp_pkg': CMAKE_PREFIX_PATH=${CMAKE_PREFIX_PATH}:/opt/ros/humble /usr/bin/cmake --build /home/kmj/Desktop/hw2/build/my_first_ros_rclcpp_pkg -- -j16 -l16
[0.042s] -- Found ament_cmake: 1.3.12 (/opt/ros/humble/share/ament_cmake/cmake)
[0.139s] -- Found rclcpp: 16.0.14 (/opt/ros/humble/share/rclcpp/cmake)
[0.158s] -- Found rosidl_generator_c: 3.1.7 (/opt/ros/humble/share/rosidl_generator_c/cmake)
[0.159s] -- Found rosidl_adapter: 3.1.7 (/opt/ros/humble/share/rosidl_adapter/cmake)
[0.163s] -- Found rosidl_generator_cpp: 3.1.7 (/opt/ros/humble/share/rosidl_generator_cpp/cmake)
[0.168s] -- Using all available rosidl_typesupport_c: rosidl_typesupport_fastrtps_c;rosidl_typesupport_introspection_c
[0.175s] -- Using all available rosidl_typesupport_cpp: rosidl_typesupport_fastrtps_cpp;rosidl_typesupport_introspection_cpp
[0.194s] -- Found rmw_implementation_cmake: 6.1.2 (/opt/ros/humble/share/rmw_implementation_cmake/cmake)
[0.195s] -- Found rmw_fastrtps_cpp: 6.2.8 (/opt/ros/humble/share/rmw_fastrtps_cpp/cmake)
[0.273s] -- Using RMW implementation 'rmw_fastrtps_cpp' as default
[0.302s] -- Found ament_lint_auto: 0.12.14 (/opt/ros/humble/share/ament_lint_auto/cmake)
[0.348s] -- Added test 'cppcheck' to perform static code analysis on C / C++ code
[0.348s] -- Configured cppcheck include dirs: 
[0.348s] -- Configured cppcheck exclude dirs and/or files: 
[0.348s] -- Added test 'lint_cmake' to check CMake code style
[0.348s] -- Added test 'uncrustify' to check C / C++ code style
[0.348s] -- Configured uncrustify additional arguments: 
[0.349s] -- Added test 'xmllint' to check XML markup files
[0.349s] -- Configuring done
[0.359s] -- Generating done
[0.362s] -- Build files have been written to: /home/kmj/Desktop/hw2/build/my_first_ros_rclcpp_pkg
[0.392s] [35m[1mConsolidate compiler generated dependencies of target my_cpp_node[0m
[0.401s] [ 25%] [32mBuilding CXX object CMakeFiles/publisher.dir/src/publisher.cpp.o[0m
[0.417s] [ 75%] Built target my_cpp_node
[0.422s] [100%] [32m[1mLinking CXX executable publisher[0m
[0.460s] /usr/bin/ld: /usr/lib/gcc/x86_64-linux-gnu/11/../../../x86_64-linux-gnu/Scrt1.o: in function `_start':
[0.460s] (.text+0x1b): undefined reference to `main'
[0.462s] collect2: error: ld returned 1 exit status
[0.465s] gmake[2]: *** [CMakeFiles/publisher.dir/build.make:151: publisher] 오류 1
[0.465s] gmake[1]: *** [CMakeFiles/Makefile2:165: CMakeFiles/publisher.dir/all] 오류 2
[0.465s] gmake: *** [Makefile:146: all] 오류 2
[0.469s] Invoked command in '/home/kmj/Desktop/hw2/build/my_first_ros_rclcpp_pkg' returned '2': CMAKE_PREFIX_PATH=${CMAKE_PREFIX_PATH}:/opt/ros/humble /usr/bin/cmake --build /home/kmj/Desktop/hw2/build/my_first_ros_rclcpp_pkg -- -j16 -l16
