[0.013s] Invoking command in '/home/kmj/Desktop/hw2/build/my_first_ros_rclcpp_pkg': CMAKE_PREFIX_PATH=${CMAKE_PREFIX_PATH}:/opt/ros/humble /usr/bin/cmake /home/kmj/Desktop/hw2/src/my_first_ros_rclcpp_pkg -DCMAKE_INSTALL_PREFIX=/home/kmj/Desktop/hw2/install/my_first_ros_rclcpp_pkg
[0.027s] -- Found ament_cmake: 1.3.12 (/opt/ros/humble/share/ament_cmake/cmake)
[0.161s] -- Found rclcpp: 16.0.14 (/opt/ros/humble/share/rclcpp/cmake)
[0.183s] -- Found rosidl_generator_c: 3.1.7 (/opt/ros/humble/share/rosidl_generator_c/cmake)
[0.184s] -- Found rosidl_adapter: 3.1.7 (/opt/ros/humble/share/rosidl_adapter/cmake)
[0.188s] -- Found rosidl_generator_cpp: 3.1.7 (/opt/ros/humble/share/rosidl_generator_cpp/cmake)
[0.194s] -- Using all available rosidl_typesupport_c: rosidl_typesupport_fastrtps_c;rosidl_typesupport_introspection_c
[0.202s] -- Using all available rosidl_typesupport_cpp: rosidl_typesupport_fastrtps_cpp;rosidl_typesupport_introspection_cpp
[0.222s] -- Found rmw_implementation_cmake: 6.1.2 (/opt/ros/humble/share/rmw_implementation_cmake/cmake)
[0.223s] -- Found rmw_fastrtps_cpp: 6.2.8 (/opt/ros/humble/share/rmw_fastrtps_cpp/cmake)
[0.319s] -- Using RMW implementation 'rmw_fastrtps_cpp' as default
[0.359s] -- Found ament_lint_auto: 0.12.14 (/opt/ros/humble/share/ament_lint_auto/cmake)
[0.451s] -- Added test 'cppcheck' to perform static code analysis on C / C++ code
[0.452s] -- Configured cppcheck include dirs: 
[0.452s] -- Configured cppcheck exclude dirs and/or files: 
[0.452s] -- Added test 'lint_cmake' to check CMake code style
[0.453s] -- Added test 'uncrustify' to check C / C++ code style
[0.453s] -- Configured uncrustify additional arguments: 
[0.453s] -- Added test 'xmllint' to check XML markup files
[0.455s] -- Configuring done
[0.463s] -- Generating done
[0.465s] -- Build files have been written to: /home/kmj/Desktop/hw2/build/my_first_ros_rclcpp_pkg
[0.482s] Invoked command in '/home/kmj/Desktop/hw2/build/my_first_ros_rclcpp_pkg' returned '0': CMAKE_PREFIX_PATH=${CMAKE_PREFIX_PATH}:/opt/ros/humble /usr/bin/cmake /home/kmj/Desktop/hw2/src/my_first_ros_rclcpp_pkg -DCMAKE_INSTALL_PREFIX=/home/kmj/Desktop/hw2/install/my_first_ros_rclcpp_pkg
[0.484s] Invoking command in '/home/kmj/Desktop/hw2/build/my_first_ros_rclcpp_pkg': CMAKE_PREFIX_PATH=${CMAKE_PREFIX_PATH}:/opt/ros/humble /usr/bin/cmake --build /home/kmj/Desktop/hw2/build/my_first_ros_rclcpp_pkg -- -j16 -l16
[0.545s] Invoked command in '/home/kmj/Desktop/hw2/build/my_first_ros_rclcpp_pkg' returned '0': CMAKE_PREFIX_PATH=${CMAKE_PREFIX_PATH}:/opt/ros/humble /usr/bin/cmake --build /home/kmj/Desktop/hw2/build/my_first_ros_rclcpp_pkg -- -j16 -l16
[0.560s] Invoking command in '/home/kmj/Desktop/hw2/build/my_first_ros_rclcpp_pkg': CMAKE_PREFIX_PATH=${CMAKE_PREFIX_PATH}:/opt/ros/humble /usr/bin/cmake --install /home/kmj/Desktop/hw2/build/my_first_ros_rclcpp_pkg
[0.572s] -- Install configuration: ""
[0.572s] -- Installing: /home/kmj/Desktop/hw2/install/my_first_ros_rclcpp_pkg/share/ament_index/resource_index/package_run_dependencies/my_first_ros_rclcpp_pkg
[0.572s] -- Installing: /home/kmj/Desktop/hw2/install/my_first_ros_rclcpp_pkg/share/ament_index/resource_index/parent_prefix_path/my_first_ros_rclcpp_pkg
[0.572s] -- Installing: /home/kmj/Desktop/hw2/install/my_first_ros_rclcpp_pkg/share/my_first_ros_rclcpp_pkg/environment/ament_prefix_path.sh
[0.573s] -- Installing: /home/kmj/Desktop/hw2/install/my_first_ros_rclcpp_pkg/share/my_first_ros_rclcpp_pkg/environment/ament_prefix_path.dsv
[0.573s] -- Installing: /home/kmj/Desktop/hw2/install/my_first_ros_rclcpp_pkg/share/my_first_ros_rclcpp_pkg/environment/path.sh
[0.573s] -- Installing: /home/kmj/Desktop/hw2/install/my_first_ros_rclcpp_pkg/share/my_first_ros_rclcpp_pkg/environment/path.dsv
[0.573s] -- Installing: /home/kmj/Desktop/hw2/install/my_first_ros_rclcpp_pkg/share/my_first_ros_rclcpp_pkg/local_setup.bash
[0.573s] -- Installing: /home/kmj/Desktop/hw2/install/my_first_ros_rclcpp_pkg/share/my_first_ros_rclcpp_pkg/local_setup.sh
[0.573s] -- Installing: /home/kmj/Desktop/hw2/install/my_first_ros_rclcpp_pkg/share/my_first_ros_rclcpp_pkg/local_setup.zsh
[0.573s] -- Installing: /home/kmj/Desktop/hw2/install/my_first_ros_rclcpp_pkg/share/my_first_ros_rclcpp_pkg/local_setup.dsv
[0.574s] -- Installing: /home/kmj/Desktop/hw2/install/my_first_ros_rclcpp_pkg/share/my_first_ros_rclcpp_pkg/package.dsv
[0.574s] -- Installing: /home/kmj/Desktop/hw2/install/my_first_ros_rclcpp_pkg/share/ament_index/resource_index/packages/my_first_ros_rclcpp_pkg
[0.574s] -- Installing: /home/kmj/Desktop/hw2/install/my_first_ros_rclcpp_pkg/share/my_first_ros_rclcpp_pkg/cmake/my_first_ros_rclcpp_pkgConfig.cmake
[0.574s] -- Installing: /home/kmj/Desktop/hw2/install/my_first_ros_rclcpp_pkg/share/my_first_ros_rclcpp_pkg/cmake/my_first_ros_rclcpp_pkgConfig-version.cmake
[0.574s] -- Installing: /home/kmj/Desktop/hw2/install/my_first_ros_rclcpp_pkg/share/my_first_ros_rclcpp_pkg/package.xml
[0.578s] Invoked command in '/home/kmj/Desktop/hw2/build/my_first_ros_rclcpp_pkg' returned '0': CMAKE_PREFIX_PATH=${CMAKE_PREFIX_PATH}:/opt/ros/humble /usr/bin/cmake --install /home/kmj/Desktop/hw2/build/my_first_ros_rclcpp_pkg
