[0.018s] Invoking command in '/home/kmj/Desktop/hw2/build/my_first_ros_rclcpp_pkg': CMAKE_PREFIX_PATH=${CMAKE_PREFIX_PATH}:/opt/ros/humble /usr/bin/cmake --build /home/kmj/Desktop/hw2/build/my_first_ros_rclcpp_pkg -- -j16 -l16
[0.087s] [ 25%] [32mBuilding CXX object CMakeFiles/publisher.dir/src/publisher.cpp.o[0m
[0.088s] [ 50%] [32mBuilding CXX object CMakeFiles/my_cpp_node.dir/src/my_cpp_node.cpp.o[0m
[2.695s] [ 75%] [32m[1mLinking CXX executable publisher[0m
[2.724s] [100%] [32m[1mLinking CXX executable my_cpp_node[0m
[2.788s] [100%] Built target publisher
[2.815s] [100%] Built target my_cpp_node
[2.826s] Invoked command in '/home/kmj/Desktop/hw2/build/my_first_ros_rclcpp_pkg' returned '0': CMAKE_PREFIX_PATH=${CMAKE_PREFIX_PATH}:/opt/ros/humble /usr/bin/cmake --build /home/kmj/Desktop/hw2/build/my_first_ros_rclcpp_pkg -- -j16 -l16
[2.836s] Invoking command in '/home/kmj/Desktop/hw2/build/my_first_ros_rclcpp_pkg': CMAKE_PREFIX_PATH=${CMAKE_PREFIX_PATH}:/opt/ros/humble /usr/bin/cmake --install /home/kmj/Desktop/hw2/build/my_first_ros_rclcpp_pkg
[2.842s] -- Install configuration: ""
[2.842s] -- Installing: /home/kmj/Desktop/hw2/install/my_first_ros_rclcpp_pkg/lib/my_first_ros_rclcpp_pkg/my_cpp_node
[2.843s] -- Set runtime path of "/home/kmj/Desktop/hw2/install/my_first_ros_rclcpp_pkg/lib/my_first_ros_rclcpp_pkg/my_cpp_node" to ""
[2.843s] -- Installing: /home/kmj/Desktop/hw2/install/my_first_ros_rclcpp_pkg/lib/my_first_ros_rclcpp_pkg/publisher
[2.843s] -- Set runtime path of "/home/kmj/Desktop/hw2/install/my_first_ros_rclcpp_pkg/lib/my_first_ros_rclcpp_pkg/publisher" to ""
[2.843s] -- Up-to-date: /home/kmj/Desktop/hw2/install/my_first_ros_rclcpp_pkg/share/ament_index/resource_index/package_run_dependencies/my_first_ros_rclcpp_pkg
[2.843s] -- Installing: /home/kmj/Desktop/hw2/install/my_first_ros_rclcpp_pkg/share/ament_index/resource_index/parent_prefix_path/my_first_ros_rclcpp_pkg
[2.844s] -- Up-to-date: /home/kmj/Desktop/hw2/install/my_first_ros_rclcpp_pkg/share/my_first_ros_rclcpp_pkg/environment/ament_prefix_path.sh
[2.844s] -- Installing: /home/kmj/Desktop/hw2/install/my_first_ros_rclcpp_pkg/share/my_first_ros_rclcpp_pkg/environment/ament_prefix_path.dsv
[2.844s] -- Up-to-date: /home/kmj/Desktop/hw2/install/my_first_ros_rclcpp_pkg/share/my_first_ros_rclcpp_pkg/environment/path.sh
[2.844s] -- Installing: /home/kmj/Desktop/hw2/install/my_first_ros_rclcpp_pkg/share/my_first_ros_rclcpp_pkg/environment/path.dsv
[2.844s] -- Up-to-date: /home/kmj/Desktop/hw2/install/my_first_ros_rclcpp_pkg/share/my_first_ros_rclcpp_pkg/local_setup.bash
[2.844s] -- Up-to-date: /home/kmj/Desktop/hw2/install/my_first_ros_rclcpp_pkg/share/my_first_ros_rclcpp_pkg/local_setup.sh
[2.844s] -- Up-to-date: /home/kmj/Desktop/hw2/install/my_first_ros_rclcpp_pkg/share/my_first_ros_rclcpp_pkg/local_setup.zsh
[2.844s] -- Installing: /home/kmj/Desktop/hw2/install/my_first_ros_rclcpp_pkg/share/my_first_ros_rclcpp_pkg/local_setup.dsv
[2.845s] -- Installing: /home/kmj/Desktop/hw2/install/my_first_ros_rclcpp_pkg/share/my_first_ros_rclcpp_pkg/package.dsv
[2.845s] -- Up-to-date: /home/kmj/Desktop/hw2/install/my_first_ros_rclcpp_pkg/share/ament_index/resource_index/packages/my_first_ros_rclcpp_pkg
[2.845s] -- Up-to-date: /home/kmj/Desktop/hw2/install/my_first_ros_rclcpp_pkg/share/my_first_ros_rclcpp_pkg/cmake/my_first_ros_rclcpp_pkgConfig.cmake
[2.845s] -- Up-to-date: /home/kmj/Desktop/hw2/install/my_first_ros_rclcpp_pkg/share/my_first_ros_rclcpp_pkg/cmake/my_first_ros_rclcpp_pkgConfig-version.cmake
[2.845s] -- Up-to-date: /home/kmj/Desktop/hw2/install/my_first_ros_rclcpp_pkg/share/my_first_ros_rclcpp_pkg/package.xml
[2.847s] Invoked command in '/home/kmj/Desktop/hw2/build/my_first_ros_rclcpp_pkg' returned '0': CMAKE_PREFIX_PATH=${CMAKE_PREFIX_PATH}:/opt/ros/humble /usr/bin/cmake --install /home/kmj/Desktop/hw2/build/my_first_ros_rclcpp_pkg
