[0.016s] Invoking command in '/home/kmj/Desktop/hw1/build/lifecycle': CMAKE_PREFIX_PATH=${CMAKE_PREFIX_PATH}:/opt/ros/humble /usr/bin/cmake --build /home/kmj/Desktop/hw1/build/lifecycle -- -j16 -l16
[0.068s] [ 50%] [32mBuilding CXX object CMakeFiles/lifecycle_talker.dir/src/lifecycle_talker.cpp.o[0m
[0.069s] [ 83%] Built target lifecycle_service_client
[0.069s] [ 83%] Built target lifecycle_listener
[3.635s] [100%] [32m[1mLinking CXX executable lifecycle_talker[0m
[3.761s] [100%] Built target lifecycle_talker
[3.772s] Invoked command in '/home/kmj/Desktop/hw1/build/lifecycle' returned '0': CMAKE_PREFIX_PATH=${CMAKE_PREFIX_PATH}:/opt/ros/humble /usr/bin/cmake --build /home/kmj/Desktop/hw1/build/lifecycle -- -j16 -l16
[3.781s] Invoking command in '/home/kmj/Desktop/hw1/build/lifecycle': CMAKE_PREFIX_PATH=${CMAKE_PREFIX_PATH}:/opt/ros/humble /usr/bin/cmake --install /home/kmj/Desktop/hw1/build/lifecycle
[3.787s] -- Install configuration: ""
[3.788s] -- Installing: /home/kmj/Desktop/hw1/install/lifecycle/lib/lifecycle/lifecycle_talker
[3.789s] -- Set runtime path of "/home/kmj/Desktop/hw1/install/lifecycle/lib/lifecycle/lifecycle_talker" to ""
[3.789s] -- Up-to-date: /home/kmj/Desktop/hw1/install/lifecycle/lib/lifecycle/lifecycle_listener
[3.789s] -- Up-to-date: /home/kmj/Desktop/hw1/install/lifecycle/lib/lifecycle/lifecycle_service_client
[3.789s] -- Up-to-date: /home/kmj/Desktop/hw1/install/lifecycle/share/lifecycle//launch
[3.789s] -- Up-to-date: /home/kmj/Desktop/hw1/install/lifecycle/share/lifecycle//launch/lifecycle_demo.launch.py
[3.790s] -- Up-to-date: /home/kmj/Desktop/hw1/install/lifecycle/share/ament_index/resource_index/package_run_dependencies/lifecycle
[3.790s] -- Up-to-date: /home/kmj/Desktop/hw1/install/lifecycle/share/ament_index/resource_index/parent_prefix_path/lifecycle
[3.790s] -- Up-to-date: /home/kmj/Desktop/hw1/install/lifecycle/share/lifecycle/environment/ament_prefix_path.sh
[3.790s] -- Up-to-date: /home/kmj/Desktop/hw1/install/lifecycle/share/lifecycle/environment/ament_prefix_path.dsv
[3.790s] -- Up-to-date: /home/kmj/Desktop/hw1/install/lifecycle/share/lifecycle/environment/path.sh
[3.790s] -- Up-to-date: /home/kmj/Desktop/hw1/install/lifecycle/share/lifecycle/environment/path.dsv
[3.790s] -- Up-to-date: /home/kmj/Desktop/hw1/install/lifecycle/share/lifecycle/local_setup.bash
[3.790s] -- Up-to-date: /home/kmj/Desktop/hw1/install/lifecycle/share/lifecycle/local_setup.sh
[3.790s] -- Up-to-date: /home/kmj/Desktop/hw1/install/lifecycle/share/lifecycle/local_setup.zsh
[3.790s] -- Up-to-date: /home/kmj/Desktop/hw1/install/lifecycle/share/lifecycle/local_setup.dsv
[3.790s] -- Installing: /home/kmj/Desktop/hw1/install/lifecycle/share/lifecycle/package.dsv
[3.790s] -- Up-to-date: /home/kmj/Desktop/hw1/install/lifecycle/share/ament_index/resource_index/packages/lifecycle
[3.790s] -- Up-to-date: /home/kmj/Desktop/hw1/install/lifecycle/share/lifecycle/cmake/lifecycleConfig.cmake
[3.790s] -- Up-to-date: /home/kmj/Desktop/hw1/install/lifecycle/share/lifecycle/cmake/lifecycleConfig-version.cmake
[3.790s] -- Up-to-date: /home/kmj/Desktop/hw1/install/lifecycle/share/lifecycle/package.xml
[3.792s] Invoked command in '/home/kmj/Desktop/hw1/build/lifecycle' returned '0': CMAKE_PREFIX_PATH=${CMAKE_PREFIX_PATH}:/opt/ros/humble /usr/bin/cmake --install /home/kmj/Desktop/hw1/build/lifecycle
