[0.015s] Invoking command in '/home/kmj/Desktop/hw2/build/my_first_ros_rclcpp_pkg': CMAKE_PREFIX_PATH=${CMAKE_PREFIX_PATH}:/home/kmj/Desktop/hw2/src/install/my_first_ros_rclpy_pkg:/opt/ros/humble /usr/bin/cmake --build /home/kmj/Desktop/hw2/build/my_first_ros_rclcpp_pkg -- -j16 -l16
[0.066s] [35m[1mConsolidate compiler generated dependencies of target subscriber[0m
[0.078s] [ 33%] Built target publisher
[0.078s] [ 66%] Built target my_cpp_node
[0.084s] [100%] Built target subscriber
[0.192s] Invoked command in '/home/kmj/Desktop/hw2/build/my_first_ros_rclcpp_pkg' returned '0': CMAKE_PREFIX_PATH=${CMAKE_PREFIX_PATH}:/home/kmj/Desktop/hw2/src/install/my_first_ros_rclpy_pkg:/opt/ros/humble /usr/bin/cmake --build /home/kmj/Desktop/hw2/build/my_first_ros_rclcpp_pkg -- -j16 -l16
[0.203s] Invoking command in '/home/kmj/Desktop/hw2/build/my_first_ros_rclcpp_pkg': CMAKE_PREFIX_PATH=${CMAKE_PREFIX_PATH}:/home/kmj/Desktop/hw2/src/install/my_first_ros_rclpy_pkg:/opt/ros/humble /usr/bin/cmake --install /home/kmj/Desktop/hw2/build/my_first_ros_rclcpp_pkg
[0.214s] -- Install configuration: ""
[0.214s] -- Up-to-date: /home/kmj/Desktop/hw2/install/my_first_ros_rclcpp_pkg/lib/my_first_ros_rclcpp_pkg/my_cpp_node
[0.214s] -- Up-to-date: /home/kmj/Desktop/hw2/install/my_first_ros_rclcpp_pkg/lib/my_first_ros_rclcpp_pkg/publisher
[0.214s] -- Up-to-date: /home/kmj/Desktop/hw2/install/my_first_ros_rclcpp_pkg/lib/my_first_ros_rclcpp_pkg/subscriber
[0.214s] -- Up-to-date: /home/kmj/Desktop/hw2/install/my_first_ros_rclcpp_pkg/share/ament_index/resource_index/package_run_dependencies/my_first_ros_rclcpp_pkg
[0.214s] -- Up-to-date: /home/kmj/Desktop/hw2/install/my_first_ros_rclcpp_pkg/share/ament_index/resource_index/parent_prefix_path/my_first_ros_rclcpp_pkg
[0.214s] -- Up-to-date: /home/kmj/Desktop/hw2/install/my_first_ros_rclcpp_pkg/share/my_first_ros_rclcpp_pkg/environment/ament_prefix_path.sh
[0.214s] -- Up-to-date: /home/kmj/Desktop/hw2/install/my_first_ros_rclcpp_pkg/share/my_first_ros_rclcpp_pkg/environment/ament_prefix_path.dsv
[0.214s] -- Up-to-date: /home/kmj/Desktop/hw2/install/my_first_ros_rclcpp_pkg/share/my_first_ros_rclcpp_pkg/environment/path.sh
[0.214s] -- Up-to-date: /home/kmj/Desktop/hw2/install/my_first_ros_rclcpp_pkg/share/my_first_ros_rclcpp_pkg/environment/path.dsv
[0.215s] -- Up-to-date: /home/kmj/Desktop/hw2/install/my_first_ros_rclcpp_pkg/share/my_first_ros_rclcpp_pkg/local_setup.bash
[0.215s] -- Up-to-date: /home/kmj/Desktop/hw2/install/my_first_ros_rclcpp_pkg/share/my_first_ros_rclcpp_pkg/local_setup.sh
[0.215s] -- Up-to-date: /home/kmj/Desktop/hw2/install/my_first_ros_rclcpp_pkg/share/my_first_ros_rclcpp_pkg/local_setup.zsh
[0.215s] -- Up-to-date: /home/kmj/Desktop/hw2/install/my_first_ros_rclcpp_pkg/share/my_first_ros_rclcpp_pkg/local_setup.dsv
[0.215s] -- Installing: /home/kmj/Desktop/hw2/install/my_first_ros_rclcpp_pkg/share/my_first_ros_rclcpp_pkg/package.dsv
[0.215s] -- Up-to-date: /home/kmj/Desktop/hw2/install/my_first_ros_rclcpp_pkg/share/ament_index/resource_index/packages/my_first_ros_rclcpp_pkg
[0.215s] -- Up-to-date: /home/kmj/Desktop/hw2/install/my_first_ros_rclcpp_pkg/share/my_first_ros_rclcpp_pkg/cmake/my_first_ros_rclcpp_pkgConfig.cmake
[0.215s] -- Up-to-date: /home/kmj/Desktop/hw2/install/my_first_ros_rclcpp_pkg/share/my_first_ros_rclcpp_pkg/cmake/my_first_ros_rclcpp_pkgConfig-version.cmake
[0.215s] -- Up-to-date: /home/kmj/Desktop/hw2/install/my_first_ros_rclcpp_pkg/share/my_first_ros_rclcpp_pkg/package.xml
[0.219s] Invoked command in '/home/kmj/Desktop/hw2/build/my_first_ros_rclcpp_pkg' returned '0': CMAKE_PREFIX_PATH=${CMAKE_PREFIX_PATH}:/home/kmj/Desktop/hw2/src/install/my_first_ros_rclpy_pkg:/opt/ros/humble /usr/bin/cmake --install /home/kmj/Desktop/hw2/build/my_first_ros_rclcpp_pkg
