[0.008s] Invoking command in '/home/kmj/Desktop/hw1/build/lifecycle': CMAKE_PREFIX_PATH=${CMAKE_PREFIX_PATH}:/opt/ros/humble /usr/bin/cmake /home/kmj/Desktop/hw1/src/lifecycle -DCMAKE_INSTALL_PREFIX=/home/kmj/Desktop/hw1/install/lifecycle
[0.021s] -- Found ament_cmake: 1.3.12 (/opt/ros/humble/share/ament_cmake/cmake)
[0.109s] -- Found rclcpp_lifecycle: 16.0.14 (/opt/ros/humble/share/rclcpp_lifecycle/cmake)
[0.131s] -- Found rosidl_generator_c: 3.1.7 (/opt/ros/humble/share/rosidl_generator_c/cmake)
[0.132s] -- Found rosidl_adapter: 3.1.7 (/opt/ros/humble/share/rosidl_adapter/cmake)
[0.136s] -- Found rosidl_generator_cpp: 3.1.7 (/opt/ros/humble/share/rosidl_generator_cpp/cmake)
[0.141s] -- Using all available rosidl_typesupport_c: rosidl_typesupport_fastrtps_c;rosidl_typesupport_introspection_c
[0.148s] -- Using all available rosidl_typesupport_cpp: rosidl_typesupport_fastrtps_cpp;rosidl_typesupport_introspection_cpp
[0.167s] -- Found rmw_implementation_cmake: 6.1.2 (/opt/ros/humble/share/rmw_implementation_cmake/cmake)
[0.168s] -- Found rmw_fastrtps_cpp: 6.2.8 (/opt/ros/humble/share/rmw_fastrtps_cpp/cmake)
[0.248s] -- Using RMW implementation 'rmw_fastrtps_cpp' as default
[0.287s] -- Found ament_lint_auto: 0.12.14 (/opt/ros/humble/share/ament_lint_auto/cmake)
[0.348s] [31mCMake Error at CMakeLists.txt:53 (find_package):
[0.349s]   By not providing "Findros_testing.cmake" in CMAKE_MODULE_PATH this project
[0.349s]   has asked CMake to find a package configuration file provided by
[0.349s]   "ros_testing", but CMake did not find one.
[0.349s] 
[0.349s]   Could not find a package configuration file provided by "ros_testing" with
[0.349s]   any of the following names:
[0.349s] 
[0.349s]     ros_testingConfig.cmake
[0.349s]     ros_testing-config.cmake
[0.349s] 
[0.349s]   Add the installation prefix of "ros_testing" to CMAKE_PREFIX_PATH or set
[0.349s]   "ros_testing_DIR" to a directory containing one of the above files.  If
[0.349s]   "ros_testing" provides a separate development package or SDK, be sure it
[0.349s]   has been installed.
[0.350s] 
[0.350s] [0m
[0.350s] -- Configuring incomplete, errors occurred!
[0.350s] See also "/home/kmj/Desktop/hw1/build/lifecycle/CMakeFiles/CMakeOutput.log".
[0.360s] Invoked command in '/home/kmj/Desktop/hw1/build/lifecycle' returned '1': CMAKE_PREFIX_PATH=${CMAKE_PREFIX_PATH}:/opt/ros/humble /usr/bin/cmake /home/kmj/Desktop/hw1/src/lifecycle -DCMAKE_INSTALL_PREFIX=/home/kmj/Desktop/hw1/install/lifecycle
