[0.013s] Invoking command in '/home/kmj/Desktop/hw2/build/my_first_ros_rclcpp_pkg': CMAKE_PREFIX_PATH=${CMAKE_PREFIX_PATH}:/home/kmj/Desktop/hw2/install/my_first_ros_rclpy_pkg:/opt/ros/humble /usr/bin/cmake --build /home/kmj/Desktop/hw2/build/my_first_ros_rclcpp_pkg -- -j16 -l16
[0.097s] [ 75%] Built target subscriber
[0.097s] [ 75%] [32mBuilding CXX object CMakeFiles/publisher.dir/src/publisher.cpp.o[0m
[4.775s] [100%] [32m[1mLinking CXX executable publisher[0m
[4.964s] [100%] Built target publisher
[4.978s] Invoked command in '/home/kmj/Desktop/hw2/build/my_first_ros_rclcpp_pkg' returned '0': CMAKE_PREFIX_PATH=${CMAKE_PREFIX_PATH}:/home/kmj/Desktop/hw2/install/my_first_ros_rclpy_pkg:/opt/ros/humble /usr/bin/cmake --build /home/kmj/Desktop/hw2/build/my_first_ros_rclcpp_pkg -- -j16 -l16
[4.989s] Invoking command in '/home/kmj/Desktop/hw2/build/my_first_ros_rclcpp_pkg': CMAKE_PREFIX_PATH=${CMAKE_PREFIX_PATH}:/home/kmj/Desktop/hw2/install/my_first_ros_rclpy_pkg:/opt/ros/humble /usr/bin/cmake --install /home/kmj/Desktop/hw2/build/my_first_ros_rclcpp_pkg
[4.995s] -- Install configuration: ""
[4.996s] -- Installing: /home/kmj/Desktop/hw2/install/my_first_ros_rclcpp_pkg/lib/my_first_ros_rclcpp_pkg/publisher
[4.998s] -- Set runtime path of "/home/kmj/Desktop/hw2/install/my_first_ros_rclcpp_pkg/lib/my_first_ros_rclcpp_pkg/publisher" to ""
[4.998s] -- Up-to-date: /home/kmj/Desktop/hw2/install/my_first_ros_rclcpp_pkg/lib/my_first_ros_rclcpp_pkg/subscriber
[4.999s] -- Up-to-date: /home/kmj/Desktop/hw2/install/my_first_ros_rclcpp_pkg/share/ament_index/resource_index/package_run_dependencies/my_first_ros_rclcpp_pkg
[4.999s] -- Up-to-date: /home/kmj/Desktop/hw2/install/my_first_ros_rclcpp_pkg/share/ament_index/resource_index/parent_prefix_path/my_first_ros_rclcpp_pkg
[4.999s] -- Up-to-date: /home/kmj/Desktop/hw2/install/my_first_ros_rclcpp_pkg/share/my_first_ros_rclcpp_pkg/environment/ament_prefix_path.sh
[4.999s] -- Up-to-date: /home/kmj/Desktop/hw2/install/my_first_ros_rclcpp_pkg/share/my_first_ros_rclcpp_pkg/environment/ament_prefix_path.dsv
[4.999s] -- Up-to-date: /home/kmj/Desktop/hw2/install/my_first_ros_rclcpp_pkg/share/my_first_ros_rclcpp_pkg/environment/path.sh
[4.999s] -- Up-to-date: /home/kmj/Desktop/hw2/install/my_first_ros_rclcpp_pkg/share/my_first_ros_rclcpp_pkg/environment/path.dsv
[4.999s] -- Up-to-date: /home/kmj/Desktop/hw2/install/my_first_ros_rclcpp_pkg/share/my_first_ros_rclcpp_pkg/local_setup.bash
[4.999s] -- Up-to-date: /home/kmj/Desktop/hw2/install/my_first_ros_rclcpp_pkg/share/my_first_ros_rclcpp_pkg/local_setup.sh
[4.999s] -- Up-to-date: /home/kmj/Desktop/hw2/install/my_first_ros_rclcpp_pkg/share/my_first_ros_rclcpp_pkg/local_setup.zsh
[4.999s] -- Up-to-date: /home/kmj/Desktop/hw2/install/my_first_ros_rclcpp_pkg/share/my_first_ros_rclcpp_pkg/local_setup.dsv
[4.999s] -- Installing: /home/kmj/Desktop/hw2/install/my_first_ros_rclcpp_pkg/share/my_first_ros_rclcpp_pkg/package.dsv
[4.999s] -- Up-to-date: /home/kmj/Desktop/hw2/install/my_first_ros_rclcpp_pkg/share/ament_index/resource_index/packages/my_first_ros_rclcpp_pkg
[5.000s] -- Up-to-date: /home/kmj/Desktop/hw2/install/my_first_ros_rclcpp_pkg/share/my_first_ros_rclcpp_pkg/cmake/my_first_ros_rclcpp_pkgConfig.cmake
[5.000s] -- Up-to-date: /home/kmj/Desktop/hw2/install/my_first_ros_rclcpp_pkg/share/my_first_ros_rclcpp_pkg/cmake/my_first_ros_rclcpp_pkgConfig-version.cmake
[5.000s] -- Up-to-date: /home/kmj/Desktop/hw2/install/my_first_ros_rclcpp_pkg/share/my_first_ros_rclcpp_pkg/package.xml
[5.001s] Invoked command in '/home/kmj/Desktop/hw2/build/my_first_ros_rclcpp_pkg' returned '0': CMAKE_PREFIX_PATH=${CMAKE_PREFIX_PATH}:/home/kmj/Desktop/hw2/install/my_first_ros_rclpy_pkg:/opt/ros/humble /usr/bin/cmake --install /home/kmj/Desktop/hw2/build/my_first_ros_rclcpp_pkg
