[100%] Built target lifecycle_service_client
[100%] Built target lifecycle_listener
[100%] Built target lifecycle_talker
-- Install configuration: ""
-- Up-to-date: /home/kmj/Desktop/hw1/install/lifecycle/lib/lifecycle/lifecycle_talker
-- Up-to-date: /home/kmj/Desktop/hw1/install/lifecycle/lib/lifecycle/lifecycle_listener
-- Up-to-date: /home/kmj/Desktop/hw1/install/lifecycle/lib/lifecycle/lifecycle_service_client
-- Up-to-date: /home/kmj/Desktop/hw1/install/lifecycle/share/lifecycle//launch
-- Up-to-date: /home/kmj/Desktop/hw1/install/lifecycle/share/lifecycle//launch/lifecycle_demo.launch.py
-- Up-to-date: /home/kmj/Desktop/hw1/install/lifecycle/share/ament_index/resource_index/package_run_dependencies/lifecycle
-- Up-to-date: /home/kmj/Desktop/hw1/install/lifecycle/share/ament_index/resource_index/parent_prefix_path/lifecycle
-- Up-to-date: /home/kmj/Desktop/hw1/install/lifecycle/share/lifecycle/environment/ament_prefix_path.sh
-- Up-to-date: /home/kmj/Desktop/hw1/install/lifecycle/share/lifecycle/environment/ament_prefix_path.dsv
-- Up-to-date: /home/kmj/Desktop/hw1/install/lifecycle/share/lifecycle/environment/path.sh
-- Up-to-date: /home/kmj/Desktop/hw1/install/lifecycle/share/lifecycle/environment/path.dsv
-- Up-to-date: /home/kmj/Desktop/hw1/install/lifecycle/share/lifecycle/local_setup.bash
-- Up-to-date: /home/kmj/Desktop/hw1/install/lifecycle/share/lifecycle/local_setup.sh
-- Up-to-date: /home/kmj/Desktop/hw1/install/lifecycle/share/lifecycle/local_setup.zsh
-- Up-to-date: /home/kmj/Desktop/hw1/install/lifecycle/share/lifecycle/local_setup.dsv
-- Installing: /home/kmj/Desktop/hw1/install/lifecycle/share/lifecycle/package.dsv
-- Up-to-date: /home/kmj/Desktop/hw1/install/lifecycle/share/ament_index/resource_index/packages/lifecycle
-- Up-to-date: /home/kmj/Desktop/hw1/install/lifecycle/share/lifecycle/cmake/lifecycleConfig.cmake
-- Up-to-date: /home/kmj/Desktop/hw1/install/lifecycle/share/lifecycle/cmake/lifecycleConfig-version.cmake
-- Up-to-date: /home/kmj/Desktop/hw1/install/lifecycle/share/lifecycle/package.xml
