-- Found ament_cmake: 1.3.12 (/opt/ros/humble/share/ament_cmake/cmake)
-- Found rclcpp_lifecycle: 16.0.14 (/opt/ros/humble/share/rclcpp_lifecycle/cmake)
-- Found rosidl_generator_c: 3.1.7 (/opt/ros/humble/share/rosidl_generator_c/cmake)
-- Found rosidl_adapter: 3.1.7 (/opt/ros/humble/share/rosidl_adapter/cmake)
-- Found rosidl_generator_cpp: 3.1.7 (/opt/ros/humble/share/rosidl_generator_cpp/cmake)
-- Using all available rosidl_typesupport_c: rosidl_typesupport_fastrtps_c;rosidl_typesupport_introspection_c
-- Using all available rosidl_typesupport_cpp: rosidl_typesupport_fastrtps_cpp;rosidl_typesupport_introspection_cpp
-- Found rmw_implementation_cmake: 6.1.2 (/opt/ros/humble/share/rmw_implementation_cmake/cmake)
-- Found rmw_fastrtps_cpp: 6.2.8 (/opt/ros/humble/share/rmw_fastrtps_cpp/cmake)
-- Using RMW implementation 'rmw_fastrtps_cpp' as default
-- Found ament_lint_auto: 0.12.14 (/opt/ros/humble/share/ament_lint_auto/cmake)
-- Added test 'copyright' to check source files copyright and LICENSE
-- Added test 'cppcheck' to perform static code analysis on C / C++ code
-- Configured cppcheck include dirs: 
-- Configured cppcheck exclude dirs and/or files: 
-- Added test 'cpplint' to check C / C++ code against the Google style
-- Configured cpplint exclude dirs and/or files: 
-- Added test 'lint_cmake' to check CMake code style
-- Added test 'uncrustify' to check C / C++ code style
-- Configured uncrustify additional arguments: 
-- Added test 'xmllint' to check XML markup files
-- Configuring done
-- Generating done
-- Build files have been written to: /home/kmj/Desktop/hw1/build/lifecycle
[ 33%] [32mBuilding CXX object CMakeFiles/lifecycle_talker.dir/src/lifecycle_talker.cpp.o[0m
[ 33%] [32mBuilding CXX object CMakeFiles/lifecycle_listener.dir/src/lifecycle_listener.cpp.o[0m
[ 50%] [32mBuilding CXX object CMakeFiles/lifecycle_service_client.dir/src/lifecycle_service_client.cpp.o[0m
[ 66%] [32m[1mLinking CXX executable lifecycle_talker[0m
[ 83%] [32m[1mLinking CXX executable lifecycle_service_client[0m
[ 83%] Built target lifecycle_talker
[ 83%] Built target lifecycle_service_client
[100%] [32m[1mLinking CXX executable lifecycle_listener[0m
[100%] Built target lifecycle_listener
-- Install configuration: ""
-- Installing: /home/kmj/Desktop/hw1/install/lifecycle/lib/lifecycle/lifecycle_talker
-- Set runtime path of "/home/kmj/Desktop/hw1/install/lifecycle/lib/lifecycle/lifecycle_talker" to ""
-- Installing: /home/kmj/Desktop/hw1/install/lifecycle/lib/lifecycle/lifecycle_listener
-- Set runtime path of "/home/kmj/Desktop/hw1/install/lifecycle/lib/lifecycle/lifecycle_listener" to ""
-- Installing: /home/kmj/Desktop/hw1/install/lifecycle/lib/lifecycle/lifecycle_service_client
-- Set runtime path of "/home/kmj/Desktop/hw1/install/lifecycle/lib/lifecycle/lifecycle_service_client" to ""
[31mCMake Error at cmake_install.cmake:106 (file):
  file INSTALL cannot find "/home/kmj/Desktop/hw1/src/lifecycle/launch": No
  such file or directory.

[0m
