[0.009s] Invoking command in '/home/kmj/Desktop/hw1/build/lifecycle': CMAKE_PREFIX_PATH=${CMAKE_PREFIX_PATH}:/opt/ros/humble /usr/bin/cmake /home/kmj/Desktop/hw1/src/lifecycle -DCMAKE_INSTALL_PREFIX=/home/kmj/Desktop/hw1/install/lifecycle
[0.021s] -- Found ament_cmake: 1.3.12 (/opt/ros/humble/share/ament_cmake/cmake)
[0.108s] -- Found rclcpp_lifecycle: 16.0.14 (/opt/ros/humble/share/rclcpp_lifecycle/cmake)
[0.129s] -- Found rosidl_generator_c: 3.1.7 (/opt/ros/humble/share/rosidl_generator_c/cmake)
[0.130s] -- Found rosidl_adapter: 3.1.7 (/opt/ros/humble/share/rosidl_adapter/cmake)
[0.134s] -- Found rosidl_generator_cpp: 3.1.7 (/opt/ros/humble/share/rosidl_generator_cpp/cmake)
[0.139s] -- Using all available rosidl_typesupport_c: rosidl_typesupport_fastrtps_c;rosidl_typesupport_introspection_c
[0.146s] -- Using all available rosidl_typesupport_cpp: rosidl_typesupport_fastrtps_cpp;rosidl_typesupport_introspection_cpp
[0.165s] -- Found rmw_implementation_cmake: 6.1.2 (/opt/ros/humble/share/rmw_implementation_cmake/cmake)
[0.166s] -- Found rmw_fastrtps_cpp: 6.2.8 (/opt/ros/humble/share/rmw_fastrtps_cpp/cmake)
[0.245s] -- Using RMW implementation 'rmw_fastrtps_cpp' as default
[0.284s] -- Found ament_lint_auto: 0.12.14 (/opt/ros/humble/share/ament_lint_auto/cmake)
[0.339s] -- Added test 'copyright' to check source files copyright and LICENSE
[0.340s] -- Added test 'cppcheck' to perform static code analysis on C / C++ code
[0.340s] -- Configured cppcheck include dirs: 
[0.340s] -- Configured cppcheck exclude dirs and/or files: 
[0.341s] -- Added test 'cpplint' to check C / C++ code against the Google style
[0.341s] -- Configured cpplint exclude dirs and/or files: 
[0.341s] -- Added test 'lint_cmake' to check CMake code style
[0.342s] -- Added test 'uncrustify' to check C / C++ code style
[0.342s] -- Configured uncrustify additional arguments: 
[0.342s] -- Added test 'xmllint' to check XML markup files
[0.343s] -- Configuring done
[0.355s] -- Generating done
[0.359s] -- Build files have been written to: /home/kmj/Desktop/hw1/build/lifecycle
[0.369s] Invoked command in '/home/kmj/Desktop/hw1/build/lifecycle' returned '0': CMAKE_PREFIX_PATH=${CMAKE_PREFIX_PATH}:/opt/ros/humble /usr/bin/cmake /home/kmj/Desktop/hw1/src/lifecycle -DCMAKE_INSTALL_PREFIX=/home/kmj/Desktop/hw1/install/lifecycle
[0.371s] Invoking command in '/home/kmj/Desktop/hw1/build/lifecycle': CMAKE_PREFIX_PATH=${CMAKE_PREFIX_PATH}:/opt/ros/humble /usr/bin/cmake --build /home/kmj/Desktop/hw1/build/lifecycle -- -j16 -l16
[0.419s] [ 33%] [32mBuilding CXX object CMakeFiles/lifecycle_talker.dir/src/lifecycle_talker.cpp.o[0m
[0.419s] [ 33%] [32mBuilding CXX object CMakeFiles/lifecycle_listener.dir/src/lifecycle_listener.cpp.o[0m
[0.419s] [ 50%] [32mBuilding CXX object CMakeFiles/lifecycle_service_client.dir/src/lifecycle_service_client.cpp.o[0m
[3.417s] [ 66%] [32m[1mLinking CXX executable lifecycle_talker[0m
[3.452s] [ 83%] [32m[1mLinking CXX executable lifecycle_service_client[0m
[3.559s] [ 83%] Built target lifecycle_talker
[3.597s] [ 83%] Built target lifecycle_service_client
[7.287s] [100%] [32m[1mLinking CXX executable lifecycle_listener[0m
[7.605s] [100%] Built target lifecycle_listener
[7.617s] Invoked command in '/home/kmj/Desktop/hw1/build/lifecycle' returned '0': CMAKE_PREFIX_PATH=${CMAKE_PREFIX_PATH}:/opt/ros/humble /usr/bin/cmake --build /home/kmj/Desktop/hw1/build/lifecycle -- -j16 -l16
[7.627s] Invoking command in '/home/kmj/Desktop/hw1/build/lifecycle': CMAKE_PREFIX_PATH=${CMAKE_PREFIX_PATH}:/opt/ros/humble /usr/bin/cmake --install /home/kmj/Desktop/hw1/build/lifecycle
[7.632s] -- Install configuration: ""
[7.632s] -- Installing: /home/kmj/Desktop/hw1/install/lifecycle/lib/lifecycle/lifecycle_talker
[7.633s] -- Set runtime path of "/home/kmj/Desktop/hw1/install/lifecycle/lib/lifecycle/lifecycle_talker" to ""
[7.633s] -- Installing: /home/kmj/Desktop/hw1/install/lifecycle/lib/lifecycle/lifecycle_listener
[7.637s] -- Set runtime path of "/home/kmj/Desktop/hw1/install/lifecycle/lib/lifecycle/lifecycle_listener" to ""
[7.637s] -- Installing: /home/kmj/Desktop/hw1/install/lifecycle/lib/lifecycle/lifecycle_service_client
[7.638s] -- Set runtime path of "/home/kmj/Desktop/hw1/install/lifecycle/lib/lifecycle/lifecycle_service_client" to ""
[7.638s] [31mCMake Error at cmake_install.cmake:106 (file):
[7.638s]   file INSTALL cannot find "/home/kmj/Desktop/hw1/src/lifecycle/launch": No
[7.639s]   such file or directory.
[7.639s] 
[7.639s] [0m
[7.640s] Invoked command in '/home/kmj/Desktop/hw1/build/lifecycle' returned '1': CMAKE_PREFIX_PATH=${CMAKE_PREFIX_PATH}:/opt/ros/humble /usr/bin/cmake --install /home/kmj/Desktop/hw1/build/lifecycle
