running egg_info
creating ../../build/my_first_ros_rclpy_pkg/my_first_ros_rclpy_pkg.egg-info
writing ../../build/my_first_ros_rclpy_pkg/my_first_ros_rclpy_pkg.egg-info/PKG-INFO
writing dependency_links to ../../build/my_first_ros_rclpy_pkg/my_first_ros_rclpy_pkg.egg-info/dependency_links.txt
writing entry points to ../../build/my_first_ros_rclpy_pkg/my_first_ros_rclpy_pkg.egg-info/entry_points.txt
writing requirements to ../../build/my_first_ros_rclpy_pkg/my_first_ros_rclpy_pkg.egg-info/requires.txt
writing top-level names to ../../build/my_first_ros_rclpy_pkg/my_first_ros_rclpy_pkg.egg-info/top_level.txt
writing manifest file '../../build/my_first_ros_rclpy_pkg/my_first_ros_rclpy_pkg.egg-info/SOURCES.txt'
reading manifest file '../../build/my_first_ros_rclpy_pkg/my_first_ros_rclpy_pkg.egg-info/SOURCES.txt'
writing manifest file '../../build/my_first_ros_rclpy_pkg/my_first_ros_rclpy_pkg.egg-info/SOURCES.txt'
running build
running build_py
creating /home/kmj/Desktop/hw2/build/my_first_ros_rclpy_pkg/build
creating /home/kmj/Desktop/hw2/build/my_first_ros_rclpy_pkg/build/lib
creating /home/kmj/Desktop/hw2/build/my_first_ros_rclpy_pkg/build/lib/my_first_ros_rclpy_pkg
copying my_first_ros_rclpy_pkg/subscriber.py -> /home/kmj/Desktop/hw2/build/my_first_ros_rclpy_pkg/build/lib/my_first_ros_rclpy_pkg
copying my_first_ros_rclpy_pkg/__init__.py -> /home/kmj/Desktop/hw2/build/my_first_ros_rclpy_pkg/build/lib/my_first_ros_rclpy_pkg
copying my_first_ros_rclpy_pkg/publisher.py -> /home/kmj/Desktop/hw2/build/my_first_ros_rclpy_pkg/build/lib/my_first_ros_rclpy_pkg
running install
running install_lib
creating /home/kmj/Desktop/hw2/install/my_first_ros_rclpy_pkg/lib/python3.10/site-packages/my_first_ros_rclpy_pkg
copying /home/kmj/Desktop/hw2/build/my_first_ros_rclpy_pkg/build/lib/my_first_ros_rclpy_pkg/subscriber.py -> /home/kmj/Desktop/hw2/install/my_first_ros_rclpy_pkg/lib/python3.10/site-packages/my_first_ros_rclpy_pkg
copying /home/kmj/Desktop/hw2/build/my_first_ros_rclpy_pkg/build/lib/my_first_ros_rclpy_pkg/__init__.py -> /home/kmj/Desktop/hw2/install/my_first_ros_rclpy_pkg/lib/python3.10/site-packages/my_first_ros_rclpy_pkg
copying /home/kmj/Desktop/hw2/build/my_first_ros_rclpy_pkg/build/lib/my_first_ros_rclpy_pkg/publisher.py -> /home/kmj/Desktop/hw2/install/my_first_ros_rclpy_pkg/lib/python3.10/site-packages/my_first_ros_rclpy_pkg
byte-compiling /home/kmj/Desktop/hw2/install/my_first_ros_rclpy_pkg/lib/python3.10/site-packages/my_first_ros_rclpy_pkg/subscriber.py to subscriber.cpython-310.pyc
byte-compiling /home/kmj/Desktop/hw2/install/my_first_ros_rclpy_pkg/lib/python3.10/site-packages/my_first_ros_rclpy_pkg/__init__.py to __init__.cpython-310.pyc
byte-compiling /home/kmj/Desktop/hw2/install/my_first_ros_rclpy_pkg/lib/python3.10/site-packages/my_first_ros_rclpy_pkg/publisher.py to publisher.cpython-310.pyc
running install_data
creating /home/kmj/Desktop/hw2/install/my_first_ros_rclpy_pkg/share/ament_index
creating /home/kmj/Desktop/hw2/install/my_first_ros_rclpy_pkg/share/ament_index/resource_index
creating /home/kmj/Desktop/hw2/install/my_first_ros_rclpy_pkg/share/ament_index/resource_index/packages
copying resource/my_first_ros_rclpy_pkg -> /home/kmj/Desktop/hw2/install/my_first_ros_rclpy_pkg/share/ament_index/resource_index/packages
copying package.xml -> /home/kmj/Desktop/hw2/install/my_first_ros_rclpy_pkg/share/my_first_ros_rclpy_pkg
running install_egg_info
Copying ../../build/my_first_ros_rclpy_pkg/my_first_ros_rclpy_pkg.egg-info to /home/kmj/Desktop/hw2/install/my_first_ros_rclpy_pkg/lib/python3.10/site-packages/my_first_ros_rclpy_pkg-0.0.0-py3.10.egg-info
running install_scripts
Installing hw2 script to /home/kmj/Desktop/hw2/install/my_first_ros_rclpy_pkg/lib/my_first_ros_rclpy_pkg
writing list of installed files to '/home/kmj/Desktop/hw2/build/my_first_ros_rclpy_pkg/install.log'
