[0.430s] Invoking command in '/home/kmj/Desktop/hw2/src/my_first_ros_rclpy_pkg': PYTHONPATH=/home/kmj/Desktop/hw2/build/my_first_ros_rclpy_pkg/prefix_override:/usr/lib/python3/dist-packages/colcon_core/task/python/colcon_distutils_commands:/home/kmj/Desktop/hw2/install/my_first_ros_rclpy_pkg/lib/python3.10/site-packages:${PYTHONPATH} /usr/bin/python3 -W ignore:setup.py install is deprecated -W ignore:easy_install command is deprecated setup.py egg_info --egg-base ../../build/my_first_ros_rclpy_pkg build --build-base /home/kmj/Desktop/hw2/build/my_first_ros_rclpy_pkg/build install --record /home/kmj/Desktop/hw2/build/my_first_ros_rclpy_pkg/install.log --single-version-externally-managed install_data
[0.568s] running egg_info
[0.568s] writing ../../build/my_first_ros_rclpy_pkg/my_first_ros_rclpy_pkg.egg-info/PKG-INFO
[0.568s] writing dependency_links to ../../build/my_first_ros_rclpy_pkg/my_first_ros_rclpy_pkg.egg-info/dependency_links.txt
[0.569s] writing entry points to ../../build/my_first_ros_rclpy_pkg/my_first_ros_rclpy_pkg.egg-info/entry_points.txt
[0.569s] writing requirements to ../../build/my_first_ros_rclpy_pkg/my_first_ros_rclpy_pkg.egg-info/requires.txt
[0.569s] writing top-level names to ../../build/my_first_ros_rclpy_pkg/my_first_ros_rclpy_pkg.egg-info/top_level.txt
[0.570s] reading manifest file '../../build/my_first_ros_rclpy_pkg/my_first_ros_rclpy_pkg.egg-info/SOURCES.txt'
[0.577s] writing manifest file '../../build/my_first_ros_rclpy_pkg/my_first_ros_rclpy_pkg.egg-info/SOURCES.txt'
[0.577s] running build
[0.577s] running build_py
[0.577s] copying my_first_ros_rclpy_pkg/publisher.py -> /home/kmj/Desktop/hw2/build/my_first_ros_rclpy_pkg/build/lib/my_first_ros_rclpy_pkg
[0.577s] running install
[0.578s] running install_lib
[0.578s] copying /home/kmj/Desktop/hw2/build/my_first_ros_rclpy_pkg/build/lib/my_first_ros_rclpy_pkg/publisher.py -> /home/kmj/Desktop/hw2/install/my_first_ros_rclpy_pkg/lib/python3.10/site-packages/my_first_ros_rclpy_pkg
[0.579s] byte-compiling /home/kmj/Desktop/hw2/install/my_first_ros_rclpy_pkg/lib/python3.10/site-packages/my_first_ros_rclpy_pkg/publisher.py to publisher.cpython-310.pyc
[0.579s] running install_data
[0.579s] running install_egg_info
[0.581s] removing '/home/kmj/Desktop/hw2/install/my_first_ros_rclpy_pkg/lib/python3.10/site-packages/my_first_ros_rclpy_pkg-0.0.0-py3.10.egg-info' (and everything under it)
[0.581s] Copying ../../build/my_first_ros_rclpy_pkg/my_first_ros_rclpy_pkg.egg-info to /home/kmj/Desktop/hw2/install/my_first_ros_rclpy_pkg/lib/python3.10/site-packages/my_first_ros_rclpy_pkg-0.0.0-py3.10.egg-info
[0.581s] running install_scripts
[0.597s] Installing hw2 script to /home/kmj/Desktop/hw2/install/my_first_ros_rclpy_pkg/lib/my_first_ros_rclpy_pkg
[0.597s] Installing hw2_2 script to /home/kmj/Desktop/hw2/install/my_first_ros_rclpy_pkg/lib/my_first_ros_rclpy_pkg
[0.597s] writing list of installed files to '/home/kmj/Desktop/hw2/build/my_first_ros_rclpy_pkg/install.log'
[0.645s] Invoked command in '/home/kmj/Desktop/hw2/src/my_first_ros_rclpy_pkg' returned '0': PYTHONPATH=/home/kmj/Desktop/hw2/build/my_first_ros_rclpy_pkg/prefix_override:/usr/lib/python3/dist-packages/colcon_core/task/python/colcon_distutils_commands:/home/kmj/Desktop/hw2/install/my_first_ros_rclpy_pkg/lib/python3.10/site-packages:${PYTHONPATH} /usr/bin/python3 -W ignore:setup.py install is deprecated -W ignore:easy_install command is deprecated setup.py egg_info --egg-base ../../build/my_first_ros_rclpy_pkg build --build-base /home/kmj/Desktop/hw2/build/my_first_ros_rclpy_pkg/build install --record /home/kmj/Desktop/hw2/build/my_first_ros_rclpy_pkg/install.log --single-version-externally-managed install_data
