running egg_info
writing ../../build/my_first_ros_rclpy_pkg/my_first_ros_rclpy_pkg.egg-info/PKG-INFO
writing dependency_links to ../../build/my_first_ros_rclpy_pkg/my_first_ros_rclpy_pkg.egg-info/dependency_links.txt
writing entry points to ../../build/my_first_ros_rclpy_pkg/my_first_ros_rclpy_pkg.egg-info/entry_points.txt
writing requirements to ../../build/my_first_ros_rclpy_pkg/my_first_ros_rclpy_pkg.egg-info/requires.txt
writing top-level names to ../../build/my_first_ros_rclpy_pkg/my_first_ros_rclpy_pkg.egg-info/top_level.txt
reading manifest file '../../build/my_first_ros_rclpy_pkg/my_first_ros_rclpy_pkg.egg-info/SOURCES.txt'
writing manifest file '../../build/my_first_ros_rclpy_pkg/my_first_ros_rclpy_pkg.egg-info/SOURCES.txt'
running build
running build_py
copying my_first_ros_rclpy_pkg/publisher.py -> /home/kmj/Desktop/hw2/build/my_first_ros_rclpy_pkg/build/lib/my_first_ros_rclpy_pkg
running install
running install_lib
copying /home/kmj/Desktop/hw2/build/my_first_ros_rclpy_pkg/build/lib/my_first_ros_rclpy_pkg/publisher.py -> /home/kmj/Desktop/hw2/install/my_first_ros_rclpy_pkg/lib/python3.10/site-packages/my_first_ros_rclpy_pkg
byte-compiling /home/kmj/Desktop/hw2/install/my_first_ros_rclpy_pkg/lib/python3.10/site-packages/my_first_ros_rclpy_pkg/publisher.py to publisher.cpython-310.pyc
running install_data
running install_egg_info
removing '/home/kmj/Desktop/hw2/install/my_first_ros_rclpy_pkg/lib/python3.10/site-packages/my_first_ros_rclpy_pkg-0.0.0-py3.10.egg-info' (and everything under it)
Copying ../../build/my_first_ros_rclpy_pkg/my_first_ros_rclpy_pkg.egg-info to /home/kmj/Desktop/hw2/install/my_first_ros_rclpy_pkg/lib/python3.10/site-packages/my_first_ros_rclpy_pkg-0.0.0-py3.10.egg-info
running install_scripts
Installing hw2 script to /home/kmj/Desktop/hw2/install/my_first_ros_rclpy_pkg/lib/my_first_ros_rclpy_pkg
Installing hw2_2 script to /home/kmj/Desktop/hw2/install/my_first_ros_rclpy_pkg/lib/my_first_ros_rclpy_pkg
writing list of installed files to '/home/kmj/Desktop/hw2/build/my_first_ros_rclpy_pkg/install.log'
