[0.016s] Invoking command in '/home/kmj/Desktop/hw2/build/my_first_ros_rclcpp_pkg': CMAKE_PREFIX_PATH=${CMAKE_PREFIX_PATH}:/opt/ros/humble /usr/bin/cmake --build /home/kmj/Desktop/hw2/build/my_first_ros_rclcpp_pkg -- -j16 -l16
[0.048s] -- Found ament_cmake: 1.3.12 (/opt/ros/humble/share/ament_cmake/cmake)
[0.177s] -- Found rclcpp: 16.0.14 (/opt/ros/humble/share/rclcpp/cmake)
[0.199s] -- Found rosidl_generator_c: 3.1.7 (/opt/ros/humble/share/rosidl_generator_c/cmake)
[0.200s] -- Found rosidl_adapter: 3.1.7 (/opt/ros/humble/share/rosidl_adapter/cmake)
[0.204s] -- Found rosidl_generator_cpp: 3.1.7 (/opt/ros/humble/share/rosidl_generator_cpp/cmake)
[0.211s] -- Using all available rosidl_typesupport_c: rosidl_typesupport_fastrtps_c;rosidl_typesupport_introspection_c
[0.221s] -- Using all available rosidl_typesupport_cpp: rosidl_typesupport_fastrtps_cpp;rosidl_typesupport_introspection_cpp
[0.243s] -- Found rmw_implementation_cmake: 6.1.2 (/opt/ros/humble/share/rmw_implementation_cmake/cmake)
[0.243s] -- Found rmw_fastrtps_cpp: 6.2.8 (/opt/ros/humble/share/rmw_fastrtps_cpp/cmake)
[0.342s] -- Using RMW implementation 'rmw_fastrtps_cpp' as default
[0.375s] [31mCMake Error at CMakeLists.txt:15 (add_executable):
[0.375s]   add_executable cannot create target "my_cpp_node" because another target
[0.375s]   with the same name already exists.  The existing target is an executable
[0.375s]   created in source directory
[0.375s]   "/home/kmj/Desktop/hw2/src/my_first_ros_rclcpp_pkg".  See documentation for
[0.375s]   policy CMP0002 for more details.
[0.375s] 
[0.375s] [0m
[0.376s] [31mCMake Error at /opt/ros/humble/share/ament_cmake_target_dependencies/cmake/ament_target_dependencies.cmake:42 (message):
[0.376s]   ament_target_dependencies() the first argument must be a valid target name
[0.376s] Call Stack (most recent call first):
[0.376s]   CMakeLists.txt:16 (ament_target_dependencies)
[0.376s] 
[0.376s] [0m
[0.376s] -- Configuring incomplete, errors occurred!
[0.376s] See also "/home/kmj/Desktop/hw2/build/my_first_ros_rclcpp_pkg/CMakeFiles/CMakeOutput.log".
[0.392s] gmake: *** [Makefile:267: cmake_check_build_system] 오류 1
[0.395s] Invoked command in '/home/kmj/Desktop/hw2/build/my_first_ros_rclcpp_pkg' returned '2': CMAKE_PREFIX_PATH=${CMAKE_PREFIX_PATH}:/opt/ros/humble /usr/bin/cmake --build /home/kmj/Desktop/hw2/build/my_first_ros_rclcpp_pkg -- -j16 -l16
