[0.017s] Invoking command in '/home/kmj/Desktop/hw1/build/lifecycle': CMAKE_PREFIX_PATH=${CMAKE_PREFIX_PATH}:/opt/ros/humble /usr/bin/cmake --build /home/kmj/Desktop/hw1/build/lifecycle -- -j16 -l16
[0.070s] [100%] Built target lifecycle_talker
[0.070s] [100%] Built target lifecycle_service_client
[0.070s] [100%] Built target lifecycle_listener
[0.082s] Invoked command in '/home/kmj/Desktop/hw1/build/lifecycle' returned '0': CMAKE_PREFIX_PATH=${CMAKE_PREFIX_PATH}:/opt/ros/humble /usr/bin/cmake --build /home/kmj/Desktop/hw1/build/lifecycle -- -j16 -l16
[0.091s] Invoking command in '/home/kmj/Desktop/hw1/build/lifecycle': CMAKE_PREFIX_PATH=${CMAKE_PREFIX_PATH}:/opt/ros/humble /usr/bin/cmake --install /home/kmj/Desktop/hw1/build/lifecycle
[0.097s] -- Install configuration: ""
[0.097s] -- Up-to-date: /home/kmj/Desktop/hw1/install/lifecycle/lib/lifecycle/lifecycle_talker
[0.098s] -- Up-to-date: /home/kmj/Desktop/hw1/install/lifecycle/lib/lifecycle/lifecycle_listener
[0.098s] -- Up-to-date: /home/kmj/Desktop/hw1/install/lifecycle/lib/lifecycle/lifecycle_service_client
[0.098s] -- Up-to-date: /home/kmj/Desktop/hw1/install/lifecycle/share/lifecycle//launch
[0.098s] -- Up-to-date: /home/kmj/Desktop/hw1/install/lifecycle/share/lifecycle//launch/lifecycle_demo.launch.py
[0.098s] -- Up-to-date: /home/kmj/Desktop/hw1/install/lifecycle/share/ament_index/resource_index/package_run_dependencies/lifecycle
[0.098s] -- Up-to-date: /home/kmj/Desktop/hw1/install/lifecycle/share/ament_index/resource_index/parent_prefix_path/lifecycle
[0.098s] -- Up-to-date: /home/kmj/Desktop/hw1/install/lifecycle/share/lifecycle/environment/ament_prefix_path.sh
[0.098s] -- Up-to-date: /home/kmj/Desktop/hw1/install/lifecycle/share/lifecycle/environment/ament_prefix_path.dsv
[0.099s] -- Up-to-date: /home/kmj/Desktop/hw1/install/lifecycle/share/lifecycle/environment/path.sh
[0.099s] -- Up-to-date: /home/kmj/Desktop/hw1/install/lifecycle/share/lifecycle/environment/path.dsv
[0.099s] -- Up-to-date: /home/kmj/Desktop/hw1/install/lifecycle/share/lifecycle/local_setup.bash
[0.099s] -- Up-to-date: /home/kmj/Desktop/hw1/install/lifecycle/share/lifecycle/local_setup.sh
[0.099s] -- Up-to-date: /home/kmj/Desktop/hw1/install/lifecycle/share/lifecycle/local_setup.zsh
[0.099s] -- Up-to-date: /home/kmj/Desktop/hw1/install/lifecycle/share/lifecycle/local_setup.dsv
[0.099s] -- Installing: /home/kmj/Desktop/hw1/install/lifecycle/share/lifecycle/package.dsv
[0.099s] -- Up-to-date: /home/kmj/Desktop/hw1/install/lifecycle/share/ament_index/resource_index/packages/lifecycle
[0.099s] -- Up-to-date: /home/kmj/Desktop/hw1/install/lifecycle/share/lifecycle/cmake/lifecycleConfig.cmake
[0.099s] -- Up-to-date: /home/kmj/Desktop/hw1/install/lifecycle/share/lifecycle/cmake/lifecycleConfig-version.cmake
[0.099s] -- Up-to-date: /home/kmj/Desktop/hw1/install/lifecycle/share/lifecycle/package.xml
[0.101s] Invoked command in '/home/kmj/Desktop/hw1/build/lifecycle' returned '0': CMAKE_PREFIX_PATH=${CMAKE_PREFIX_PATH}:/opt/ros/humble /usr/bin/cmake --install /home/kmj/Desktop/hw1/build/lifecycle
